<?xml version="1.0" encoding="UTF-8"?>
<!-- Generated by org.testng.reporters.JUnitXMLReporter -->
<testsuite hostname="SRBGRZWM53" ignored="0" name="MY PROFILE ACCOUNT" tests="6" failures="6" timestamp="21 Dec 2020 12:02:59 GMT" time="0.077" errors="0">
  <testcase name="@AfterTest teardown" time="0.0" classname="pyp.MyProfileAccount">
    <failure type="java.lang.NullPointerException">
      <![CDATA[java.lang.NullPointerException
	at pyp.MyProfileAccount.teardown(MyProfileAccount.java:97)
... Removed 23 stack frames]]>
    </failure>
  </testcase> <!-- @AfterTest teardown -->
  <testcase name="login" time="0.039" classname="pyp.Login">
    <failure type="java.lang.IllegalStateException" message="The path to the driver executable must be set by the webdriver.chrome.driver system property; for more information, see https://github.com/SeleniumHQ/selenium/wiki/ChromeDriver. The latest version can be downloaded from http://chromedriver.storage.googleapis.com/index.html">
      <![CDATA[java.lang.IllegalStateException: The path to the driver executable must be set by the webdriver.chrome.driver system property; for more information, see https://github.com/SeleniumHQ/selenium/wiki/ChromeDriver. The latest version can be downloaded from http://chromedriver.storage.googleapis.com/index.html
	at com.google.common.base.Preconditions.checkState(Preconditions.java:847)
	at org.openqa.selenium.remote.service.DriverService.findExecutable(DriverService.java:134)
	at org.openqa.selenium.chrome.ChromeDriverService.access$000(ChromeDriverService.java:35)
	at org.openqa.selenium.chrome.ChromeDriverService$Builder.findDefaultExecutable(ChromeDriverService.java:159)
	at org.openqa.selenium.remote.service.DriverService$Builder.build(DriverService.java:355)
	at org.openqa.selenium.chrome.ChromeDriverService.createDefaultService(ChromeDriverService.java:94)
	at org.openqa.selenium.chrome.ChromeDriver.<init>(ChromeDriver.java:157)
	at resources.Base.initializeDriver(Base.java:42)
	at pyp.Login.login(Login.java:21)
... Removed 25 stack frames]]>
    </failure>
  </testcase> <!-- login -->
  <testcase name="myProfile" time="0.008" classname="pyp.MyProfileAccount">
    <failure type="java.lang.NullPointerException">
      <![CDATA[java.lang.NullPointerException
	at java.util.Objects.requireNonNull(Unknown Source)
	at org.openqa.selenium.interactions.Actions.<init>(Actions.java:65)
	at pyp.MyProfileAccount.myProfile(MyProfileAccount.java:26)
... Removed 25 stack frames]]>
    </failure>
  </testcase> <!-- myProfile -->
  <testcase name="updateName" time="0.001" classname="pyp.MyProfileAccount">
    <failure type="java.lang.NullPointerException">
      <![CDATA[java.lang.NullPointerException
	at pageObjects.MyProfilePage.name(MyProfilePage.java:44)
	at pyp.MyProfileAccount.updateName(MyProfileAccount.java:39)
... Removed 25 stack frames]]>
    </failure>
  </testcase> <!-- updateName -->
  <testcase name="uploadPicture" time="0.002" classname="pyp.MyProfileAccount">
    <failure type="java.lang.NullPointerException">
      <![CDATA[java.lang.NullPointerException
	at pageObjects.MyProfilePage.uploadPicture(MyProfilePage.java:50)
	at pyp.MyProfileAccount.uploadPicture(MyProfileAccount.java:53)
... Removed 25 stack frames]]>
    </failure>
  </testcase> <!-- uploadPicture -->
  <testcase name="deleteAvatarPicture" time="0.001" classname="pyp.MyProfileAccount">
    <failure type="java.lang.NullPointerException">
      <![CDATA[java.lang.NullPointerException
	at pageObjects.MyProfilePage.deleteAvatarPictureButton(MyProfilePage.java:113)
	at pyp.MyProfileAccount.deleteAvatarPicture(MyProfileAccount.java:68)
... Removed 25 stack frames]]>
    </failure>
  </testcase> <!-- deleteAvatarPicture -->
  <testcase name="uploadPicture1" time="0.001" classname="pyp.MyProfileAccount">
    <failure type="java.lang.NullPointerException">
      <![CDATA[java.lang.NullPointerException
	at pageObjects.MyProfilePage.uploadPicture(MyProfilePage.java:50)
	at pyp.MyProfileAccount.uploadPicture1(MyProfileAccount.java:84)
... Removed 25 stack frames]]>
    </failure>
  </testcase> <!-- uploadPicture1 -->
</testsuite> <!-- MY PROFILE ACCOUNT -->
